0 info it worked if it ends with ok
1 verbose cli [ '/usr/local/bin/node',
1 verbose cli   '/usr/local/bin/npm',
1 verbose cli   'install',
1 verbose cli   '-g',
1 verbose cli   'casperjs' ]
2 info using npm@2.11.3
3 info using node@v0.12.7
4 verbose install initial load of /usr/local/lib/package.json
5 verbose readDependencies loading dependencies from /usr/local/lib/package.json
6 silly cache add args [ 'casperjs', null ]
7 verbose cache add spec casperjs
8 silly cache add parsed spec { raw: 'casperjs',
8 silly cache add   scope: null,
8 silly cache add   name: 'casperjs',
8 silly cache add   rawSpec: '',
8 silly cache add   spec: '*',
8 silly cache add   type: 'range' }
9 silly addNamed casperjs@*
10 verbose addNamed "*" is a valid semver range for casperjs
11 silly addNameRange { name: 'casperjs', range: '*', hasData: false }
12 silly mapToRegistry name casperjs
13 silly mapToRegistry using default registry
14 silly mapToRegistry registry https://registry.npmjs.org/
15 silly mapToRegistry uri https://registry.npmjs.org/casperjs
16 verbose addNameRange registry:https://registry.npmjs.org/casperjs not in flight; fetching
17 verbose request uri https://registry.npmjs.org/casperjs
18 verbose request no auth needed
19 info attempt registry request try #1 at 07:47:01
20 verbose request id b021ff2718f2913d
21 http request GET https://registry.npmjs.org/casperjs
22 http 200 https://registry.npmjs.org/casperjs
23 silly get cb [ 200,
23 silly get   { server: 'CouchDB/1.5.0 (Erlang OTP/R16B03)',
23 silly get     etag: '"84403NGRPYGKGKMKOQEBZ2K5P"',
23 silly get     'content-type': 'application/json',
23 silly get     'cache-control': 'max-age=300',
23 silly get     'content-length': '11146',
23 silly get     'accept-ranges': 'bytes',
23 silly get     date: 'Sat, 05 Mar 2016 12:47:01 GMT',
23 silly get     via: '1.1 varnish',
23 silly get     age: '0',
23 silly get     connection: 'keep-alive',
23 silly get     'x-served-by': 'cache-sin6921-SIN',
23 silly get     'x-cache': 'MISS',
23 silly get     'x-cache-hits': '0',
23 silly get     'x-timer': 'S1457182021.693289,VS0,VE258',
23 silly get     vary: 'Accept' } ]
24 verbose get saving casperjs to /root/.npm/registry.npmjs.org/casperjs/.cache.json
25 silly addNameRange number 2 { name: 'casperjs', range: '*', hasData: true }
26 silly addNameRange versions [ 'casperjs',
26 silly addNameRange   [ '1.1.0-beta2', '1.1.0-beta3', '1.1.0-beta4', '1.1.0-beta5' ] ]
27 verbose stack Error: No compatible version found: casperjs@'*'
27 verbose stack Valid install targets:
27 verbose stack ["1.1.0-beta2","1.1.0-beta3","1.1.0-beta4","1.1.0-beta5"]
27 verbose stack
27 verbose stack     at installTargetsError (/usr/local/lib/node_modules/npm/lib/cache/add-named.js:274:12)
27 verbose stack     at next (/usr/local/lib/node_modules/npm/lib/cache/add-named.js:253:17)
27 verbose stack     at setData (/usr/local/lib/node_modules/npm/lib/cache/add-named.js:230:5)
27 verbose stack     at RES (/usr/local/lib/node_modules/npm/node_modules/inflight/inflight.js:23:14)
27 verbose stack     at f (/usr/local/lib/node_modules/npm/node_modules/once/once.js:17:25)
27 verbose stack     at fixName (/usr/local/lib/node_modules/npm/lib/cache/add-named.js:29:5)
27 verbose stack     at saved (/usr/local/lib/node_modules/npm/lib/cache/caching-client.js:173:7)
27 verbose stack     at FSReqWrap.oncomplete (fs.js:95:15)
28 verbose cwd /root/php_scrap
29 error Linux 3.13.0-57-generic
30 error argv "/usr/local/bin/node" "/usr/local/bin/npm" "install" "-g" "casperjs"
31 error node v0.12.7
32 error npm  v2.11.3
33 error code ETARGET
34 error notarget No compatible version found: casperjs@'*'
34 error notarget Valid install targets:
34 error notarget ["1.1.0-beta2","1.1.0-beta3","1.1.0-beta4","1.1.0-beta5"]
34 error notarget
34 error notarget This is most likely not a problem with npm itself.
34 error notarget In most cases you or one of your dependencies are requesting
34 error notarget a package version that doesn't exist.
35 verbose exit [ 1, true ]
